# JRE version: OpenJDK Runtime Environment (8.0_112-b06) (build 1.8.0_112-release-b06)
# Java VM: OpenJDK 64-Bit Server VM (25.112-b06 mixed mode windows-amd64 compressed oops)
Heap:
 PSYoungGen      total 87040K, used 79282K [0x00000000e0000000, 0x00000000e6180000, 0x0000000100000000)
  eden space 76288K, 90% used [0x00000000e0000000,0x00000000e43a8288,0x00000000e4a80000)
  from space 10752K, 93% used [0x00000000e5700000,0x00000000e60c4650,0x00000000e6180000)
  to   space 11776K, 0% used [0x00000000e4a80000,0x00000000e4a80000,0x00000000e5600000)
 ParOldGen       total 79360K, used 14363K [0x00000000a0000000, 0x00000000a4d80000, 0x00000000e0000000)
  object space 79360K, 18% used [0x00000000a0000000,0x00000000a0e06e48,0x00000000a4d80000)
 Metaspace       used 47937K, capacity 49394K, committed 49664K, reserved 1091584K
  class space    used 6475K, capacity 6796K, committed 6912K, reserved 1048576K
GC Heap History (10 events):
Event: 38.962 GC heap before
{Heap before GC invocations=12 (full 1):
 PSYoungGen      total 57856K, used 23397K [0x00000000e0000000, 0x00000000e4980000, 0x0000000100000000)
  eden space 48640K, 29% used [0x00000000e0000000,0x00000000e0ddfdf8,0x00000000e2f80000)
  from space 9216K, 99% used [0x00000000e3a00000,0x00000000e42f9690,0x00000000e4300000)
  to   space 10752K, 0% used [0x00000000e2f80000,0x00000000e2f80000,0x00000000e3a00000)
 ParOldGen       total 54784K, used 9581K [0x00000000a0000000, 0x00000000a3580000, 0x00000000e0000000)
  object space 54784K, 17% used [0x00000000a0000000,0x00000000a095b5d8,0x00000000a3580000)
 Metaspace       used 34800K, capacity 35350K, committed 35496K, reserved 1079296K
  class space    used 4656K, capacity 4815K, committed 4864K, reserved 1048576K
Event: 38.977 GC heap after
Heap after GC invocations=12 (full 1):
 PSYoungGen      total 59392K, used 7999K [0x00000000e0000000, 0x00000000e5000000, 0x0000000100000000)
  eden space 48640K, 0% used [0x00000000e0000000,0x00000000e0000000,0x00000000e2f80000)
  from space 10752K, 74% used [0x00000000e2f80000,0x00000000e374ff68,0x00000000e3a00000)
  to   space 10752K, 0% used [0x00000000e4580000,0x00000000e4580000,0x00000000e5000000)
 ParOldGen       total 54784K, used 9589K [0x00000000a0000000, 0x00000000a3580000, 0x00000000e0000000)
  object space 54784K, 17% used [0x00000000a0000000,0x00000000a095d5d8,0x00000000a3580000)
 Metaspace       used 34800K, capacity 35350K, committed 35496K, reserved 1079296K
  class space    used 4656K, capacity 4815K, committed 4864K, reserved 1048576K
}
Event: 38.977 GC heap before
{Heap before GC invocations=13 (full 2):
 PSYoungGen      total 59392K, used 7999K [0x00000000e0000000, 0x00000000e5000000, 0x0000000100000000)
  eden space 48640K, 0% used [0x00000000e0000000,0x00000000e0000000,0x00000000e2f80000)
  from space 10752K, 74% used [0x00000000e2f80000,0x00000000e374ff68,0x00000000e3a00000)
  to   space 10752K, 0% used [0x00000000e4580000,0x00000000e4580000,0x00000000e5000000)
 ParOldGen       total 54784K, used 9589K [0x00000000a0000000, 0x00000000a3580000, 0x00000000e0000000)
  object space 54784K, 17% used [0x00000000a0000000,0x00000000a095d5d8,0x00000000a3580000)
 Metaspace       used 34800K, capacity 35350K, committed 35496K, reserved 1079296K
  class space    used 4656K, capacity 4815K, committed 4864K, reserved 1048576K
Event: 39.223 GC heap after
Heap after GC invocations=13 (full 2):
 PSYoungGen      total 59392K, used 0K [0x00000000e0000000, 0x00000000e5000000, 0x0000000100000000)
  eden space 48640K, 0% used [0x00000000e0000000,0x00000000e0000000,0x00000000e2f80000)
  from space 10752K, 0% used [0x00000000e2f80000,0x00000000e2f80000,0x00000000e3a00000)
  to   space 10752K, 0% used [0x00000000e4580000,0x00000000e4580000,0x00000000e5000000)
 ParOldGen       total 79360K, used 14339K [0x00000000a0000000, 0x00000000a4d80000, 0x00000000e0000000)
  object space 79360K, 18% used [0x00000000a0000000,0x00000000a0e00e48,0x00000000a4d80000)
 Metaspace       used 34800K, capacity 35350K, committed 35496K, reserved 1079296K
  class space    used 4656K, capacity 4815K, committed 4864K, reserved 1048576K
}
Event: 41.395 GC heap before
{Heap before GC invocations=14 (full 2):
 PSYoungGen      total 59392K, used 48640K [0x00000000e0000000, 0x00000000e5000000, 0x0000000100000000)
  eden space 48640K, 100% used [0x00000000e0000000,0x00000000e2f80000,0x00000000e2f80000)
  from space 10752K, 0% used [0x00000000e2f80000,0x00000000e2f80000,0x00000000e3a00000)
  to   space 10752K, 0% used [0x00000000e4580000,0x00000000e4580000,0x00000000e5000000)
 ParOldGen       total 79360K, used 14339K [0x00000000a0000000, 0x00000000a4d80000, 0x00000000e0000000)
  object space 79360K, 18% used [0x00000000a0000000,0x00000000a0e00e48,0x00000000a4d80000)
 Metaspace       used 37239K, capacity 38006K, committed 38272K, reserved 1083392K
  class space    used 4968K, capacity 5198K, committed 5248K, reserved 1048576K
Event: 41.490 GC heap after
Heap after GC invocations=14 (full 2):
 PSYoungGen      total 71168K, used 6432K [0x00000000e0000000, 0x00000000e5480000, 0x0000000100000000)
  eden space 60416K, 0% used [0x00000000e0000000,0x00000000e0000000,0x00000000e3b00000)
  from space 10752K, 59% used [0x00000000e4580000,0x00000000e4bc83b0,0x00000000e5000000)
  to   space 10752K, 0% used [0x00000000e3b00000,0x00000000e3b00000,0x00000000e4580000)
 ParOldGen       total 79360K, used 14347K [0x00000000a0000000, 0x00000000a4d80000, 0x00000000e0000000)
  object space 79360K, 18% used [0x00000000a0000000,0x00000000a0e02e48,0x00000000a4d80000)
 Metaspace       used 37239K, capacity 38006K, committed 38272K, reserved 1083392K
  class space    used 4968K, capacity 5198K, committed 5248K, reserved 1048576K
}
Event: 59.373 GC heap before
{Heap before GC invocations=15 (full 2):
 PSYoungGen      total 71168K, used 66848K [0x00000000e0000000, 0x00000000e5480000, 0x0000000100000000)
  eden space 60416K, 100% used [0x00000000e0000000,0x00000000e3b00000,0x00000000e3b00000)
  from space 10752K, 59% used [0x00000000e4580000,0x00000000e4bc83b0,0x00000000e5000000)
  to   space 10752K, 0% used [0x00000000e3b00000,0x00000000e3b00000,0x00000000e4580000)
 ParOldGen       total 79360K, used 14347K [0x00000000a0000000, 0x00000000a4d80000, 0x00000000e0000000)
  object space 79360K, 18% used [0x00000000a0000000,0x00000000a0e02e48,0x00000000a4d80000)
 Metaspace       used 42395K, capacity 43302K, committed 43648K, reserved 1087488K
  class space    used 5672K, capacity 5922K, committed 6016K, reserved 1048576K
Event: 59.400 GC heap after
Heap after GC invocations=15 (full 2):
 PSYoungGen      total 71168K, used 8268K [0x00000000e0000000, 0x00000000e6180000, 0x0000000100000000)
  eden space 60416K, 0% used [0x00000000e0000000,0x00000000e0000000,0x00000000e3b00000)
  from space 10752K, 76% used [0x00000000e3b00000,0x00000000e43131f8,0x00000000e4580000)
  to   space 10752K, 0% used [0x00000000e5700000,0x00000000e5700000,0x00000000e6180000)
 ParOldGen       total 79360K, used 14355K [0x00000000a0000000, 0x00000000a4d80000, 0x00000000e0000000)
  object space 79360K, 18% used [0x00000000a0000000,0x00000000a0e04e48,0x00000000a4d80000)
 Metaspace       used 42395K, capacity 43302K, committed 43648K, reserved 1087488K
  class space    used 5672K, capacity 5922K, committed 6016K, reserved 1048576K
}
Event: 77.578 GC heap before
{Heap before GC invocations=16 (full 2):
 PSYoungGen      total 71168K, used 68684K [0x00000000e0000000, 0x00000000e6180000, 0x0000000100000000)
  eden space 60416K, 100% used [0x00000000e0000000,0x00000000e3b00000,0x00000000e3b00000)
  from space 10752K, 76% used [0x00000000e3b00000,0x00000000e43131f8,0x00000000e4580000)
  to   space 10752K, 0% used [0x00000000e5700000,0x00000000e5700000,0x00000000e6180000)
 ParOldGen       total 79360K, used 14355K [0x00000000a0000000, 0x00000000a4d80000, 0x00000000e0000000)
  object space 79360K, 18% used [0x00000000a0000000,0x00000000a0e04e48,0x00000000a4d80000)
 Metaspace       used 44548K, capacity 45546K, committed 45696K, reserved 1089536K
  class space    used 5947K, capacity 6226K, committed 6272K, reserved 1048576K
Event: 77.622 GC heap after
Heap after GC invocations=16 (full 2):
 PSYoungGen      total 87040K, used 10001K [0x00000000e0000000, 0x00000000e6180000, 0x0000000100000000)
  eden space 76288K, 0% used [0x00000000e0000000,0x00000000e0000000,0x00000000e4a80000)
  from space 10752K, 93% used [0x00000000e5700000,0x00000000e60c4650,0x00000000e6180000)
  to   space 11776K, 0% used [0x00000000e4a80000,0x00000000e4a80000,0x00000000e5600000)
 ParOldGen       total 79360K, used 14363K [0x00000000a0000000, 0x00000000a4d80000, 0x00000000e0000000)
  object space 79360K, 18% used [0x00000000a0000000,0x00000000a0e06e48,0x00000000a4d80000)
 Metaspace       used 44548K, capacity 45546K, committed 45696K, reserved 1089536K
  class space    used 5947K, capacity 6226K, committed 6272K, reserved 1048576K
}

