# JRE version: OpenJDK Runtime Environment (8.0_112-b06) (build 1.8.0_112-release-b06)
# Java VM: OpenJDK 64-Bit Server VM (25.112-b06 mixed mode windows-amd64 compressed oops)
Heap:
 PSYoungGen      total 73728K, used 33671K [0x00000000e0000000, 0x00000000e6980000, 0x0000000100000000)
  eden space 65024K, 38% used [0x00000000e0000000,0x00000000e1864198,0x00000000e3f80000)
  from space 8704K, 99% used [0x00000000e3f80000,0x00000000e47fdae0,0x00000000e4800000)
  to   space 10240K, 0% used [0x00000000e5f80000,0x00000000e5f80000,0x00000000e6980000)
 ParOldGen       total 49152K, used 10770K [0x00000000a0000000, 0x00000000a3000000, 0x00000000e0000000)
  object space 49152K, 21% used [0x00000000a0000000,0x00000000a0a84930,0x00000000a3000000)
 Metaspace       used 34283K, capacity 34858K, committed 35200K, reserved 1079296K
  class space    used 4567K, capacity 4717K, committed 4736K, reserved 1048576K
GC Heap History (10 events):
Event: 12.143 GC heap before
{Heap before GC invocations=6 (full 1):
 PSYoungGen      total 28672K, used 4096K [0x00000000e0000000, 0x00000000e4300000, 0x0000000100000000)
  eden space 24576K, 0% used [0x00000000e0000000,0x00000000e0000000,0x00000000e1800000)
  from space 4096K, 100% used [0x00000000e1800000,0x00000000e1c00000,0x00000000e1c00000)
  to   space 9728K, 0% used [0x00000000e3980000,0x00000000e3980000,0x00000000e4300000)
 ParOldGen       total 65536K, used 9097K [0x00000000a0000000, 0x00000000a4000000, 0x00000000e0000000)
  object space 65536K, 13% used [0x00000000a0000000,0x00000000a08e2778,0x00000000a4000000)
 Metaspace       used 20790K, capacity 21100K, committed 21296K, reserved 1067008K
  class space    used 2755K, capacity 2865K, committed 2944K, reserved 1048576K
Event: 12.240 GC heap after
Heap after GC invocations=6 (full 1):
 PSYoungGen      total 28672K, used 0K [0x00000000e0000000, 0x00000000e4300000, 0x0000000100000000)
  eden space 24576K, 0% used [0x00000000e0000000,0x00000000e0000000,0x00000000e1800000)
  from space 4096K, 0% used [0x00000000e1800000,0x00000000e1800000,0x00000000e1c00000)
  to   space 9728K, 0% used [0x00000000e3980000,0x00000000e3980000,0x00000000e4300000)
 ParOldGen       total 49152K, used 8886K [0x00000000a0000000, 0x00000000a3000000, 0x00000000e0000000)
  object space 49152K, 18% used [0x00000000a0000000,0x00000000a08ad858,0x00000000a3000000)
 Metaspace       used 20790K, capacity 21100K, committed 21296K, reserved 1067008K
  class space    used 2755K, capacity 2865K, committed 2944K, reserved 1048576K
}
Event: 13.002 GC heap before
{Heap before GC invocations=7 (full 1):
 PSYoungGen      total 28672K, used 24576K [0x00000000e0000000, 0x00000000e4300000, 0x0000000100000000)
  eden space 24576K, 100% used [0x00000000e0000000,0x00000000e1800000,0x00000000e1800000)
  from space 4096K, 0% used [0x00000000e1800000,0x00000000e1800000,0x00000000e1c00000)
  to   space 9728K, 0% used [0x00000000e3980000,0x00000000e3980000,0x00000000e4300000)
 ParOldGen       total 49152K, used 8886K [0x00000000a0000000, 0x00000000a3000000, 0x00000000e0000000)
  object space 49152K, 18% used [0x00000000a0000000,0x00000000a08ad858,0x00000000a3000000)
 Metaspace       used 23257K, capacity 23632K, committed 23808K, reserved 1069056K
  class space    used 3133K, capacity 3256K, committed 3328K, reserved 1048576K
Event: 13.011 GC heap after
Heap after GC invocations=7 (full 1):
 PSYoungGen      total 43520K, used 3705K [0x00000000e0000000, 0x00000000e3d80000, 0x0000000100000000)
  eden space 39424K, 0% used [0x00000000e0000000,0x00000000e0000000,0x00000000e2680000)
  from space 4096K, 90% used [0x00000000e3980000,0x00000000e3d1e460,0x00000000e3d80000)
  to   space 9728K, 0% used [0x00000000e2a80000,0x00000000e2a80000,0x00000000e3400000)
 ParOldGen       total 49152K, used 8886K [0x00000000a0000000, 0x00000000a3000000, 0x00000000e0000000)
  object space 49152K, 18% used [0x00000000a0000000,0x00000000a08ad858,0x00000000a3000000)
 Metaspace       used 23257K, capacity 23632K, committed 23808K, reserved 1069056K
  class space    used 3133K, capacity 3256K, committed 3328K, reserved 1048576K
}
Event: 14.013 GC heap before
{Heap before GC invocations=8 (full 1):
 PSYoungGen      total 43520K, used 43129K [0x00000000e0000000, 0x00000000e3d80000, 0x0000000100000000)
  eden space 39424K, 100% used [0x00000000e0000000,0x00000000e2680000,0x00000000e2680000)
  from space 4096K, 90% used [0x00000000e3980000,0x00000000e3d1e460,0x00000000e3d80000)
  to   space 9728K, 0% used [0x00000000e2a80000,0x00000000e2a80000,0x00000000e3400000)
 ParOldGen       total 49152K, used 8886K [0x00000000a0000000, 0x00000000a3000000, 0x00000000e0000000)
  object space 49152K, 18% used [0x00000000a0000000,0x00000000a08ad858,0x00000000a3000000)
 Metaspace       used 25883K, capacity 26368K, committed 26496K, reserved 1073152K
  class space    used 3569K, capacity 3693K, committed 3712K, reserved 1048576K
Event: 14.036 GC heap after
Heap after GC invocations=8 (full 1):
 PSYoungGen      total 53248K, used 5489K [0x00000000e0000000, 0x00000000e5100000, 0x0000000100000000)
  eden space 43520K, 0% used [0x00000000e0000000,0x00000000e0000000,0x00000000e2a80000)
  from space 9728K, 56% used [0x00000000e2a80000,0x00000000e2fdc448,0x00000000e3400000)
  to   space 9216K, 0% used [0x00000000e4800000,0x00000000e4800000,0x00000000e5100000)
 ParOldGen       total 49152K, used 8886K [0x00000000a0000000, 0x00000000a3000000, 0x00000000e0000000)
  object space 49152K, 18% used [0x00000000a0000000,0x00000000a08ad858,0x00000000a3000000)
 Metaspace       used 25883K, capacity 26368K, committed 26496K, reserved 1073152K
  class space    used 3569K, capacity 3693K, committed 3712K, reserved 1048576K
}
Event: 15.290 GC heap before
{Heap before GC invocations=9 (full 1):
 PSYoungGen      total 53248K, used 49009K [0x00000000e0000000, 0x00000000e5100000, 0x0000000100000000)
  eden space 43520K, 100% used [0x00000000e0000000,0x00000000e2a80000,0x00000000e2a80000)
  from space 9728K, 56% used [0x00000000e2a80000,0x00000000e2fdc448,0x00000000e3400000)
  to   space 9216K, 0% used [0x00000000e4800000,0x00000000e4800000,0x00000000e5100000)
 ParOldGen       total 49152K, used 8886K [0x00000000a0000000, 0x00000000a3000000, 0x00000000e0000000)
  object space 49152K, 18% used [0x00000000a0000000,0x00000000a08ad858,0x00000000a3000000)
 Metaspace       used 28739K, capacity 29152K, committed 29440K, reserved 1075200K
  class space    used 3907K, capacity 4045K, committed 4096K, reserved 1048576K
Event: 15.298 GC heap after
Heap after GC invocations=9 (full 1):
 PSYoungGen      total 74240K, used 5532K [0x00000000e0000000, 0x00000000e5500000, 0x0000000100000000)
  eden space 65024K, 0% used [0x00000000e0000000,0x00000000e0000000,0x00000000e3f80000)
  from space 9216K, 60% used [0x00000000e4800000,0x00000000e4d673f0,0x00000000e5100000)
  to   space 8704K, 0% used [0x00000000e3f80000,0x00000000e3f80000,0x00000000e4800000)
 ParOldGen       total 49152K, used 8894K [0x00000000a0000000, 0x00000000a3000000, 0x00000000e0000000)
  object space 49152K, 18% used [0x00000000a0000000,0x00000000a08af858,0x00000000a3000000)
 Metaspace       used 28739K, capacity 29152K, committed 29440K, reserved 1075200K
  class space    used 3907K, capacity 4045K, committed 4096K, reserved 1048576K
}
Event: 19.318 GC heap before
{Heap before GC invocations=10 (full 1):
 PSYoungGen      total 74240K, used 70556K [0x00000000e0000000, 0x00000000e5500000, 0x0000000100000000)
  eden space 65024K, 100% used [0x00000000e0000000,0x00000000e3f80000,0x00000000e3f80000)
  from space 9216K, 60% used [0x00000000e4800000,0x00000000e4d673f0,0x00000000e5100000)
  to   space 8704K, 0% used [0x00000000e3f80000,0x00000000e3f80000,0x00000000e4800000)
 ParOldGen       total 49152K, used 8894K [0x00000000a0000000, 0x00000000a3000000, 0x00000000e0000000)
  object space 49152K, 18% used [0x00000000a0000000,0x00000000a08af858,0x00000000a3000000)
 Metaspace       used 34034K, capacity 34602K, committed 34944K, reserved 1079296K
  class space    used 4554K, capacity 4717K, committed 4736K, reserved 1048576K
Event: 19.342 GC heap after
Heap after GC invocations=10 (full 1):
 PSYoungGen      total 73728K, used 8694K [0x00000000e0000000, 0x00000000e6980000, 0x0000000100000000)
  eden space 65024K, 0% used [0x00000000e0000000,0x00000000e0000000,0x00000000e3f80000)
  from space 8704K, 99% used [0x00000000e3f80000,0x00000000e47fdae0,0x00000000e4800000)
  to   space 10240K, 0% used [0x00000000e5f80000,0x00000000e5f80000,0x00000000e6980000)
 ParOldGen       total 49152K, used 10770K [0x00000000a0000000, 0x00000000a3000000, 0x00000000e0000000)
  object space 49152K, 21% used [0x00000000a0000000,0x00000000a0a84930,0x00000000a3000000)
 Metaspace       used 34034K, capacity 34602K, committed 34944K, reserved 1079296K
  class space    used 4554K, capacity 4717K, committed 4736K, reserved 1048576K
}

