# JRE version: OpenJDK Runtime Environment (8.0_112-b06) (build 1.8.0_112-release-b06)
# Java VM: OpenJDK 64-Bit Server VM (25.112-b06 mixed mode windows-amd64 compressed oops)
Heap:
 PSYoungGen      total 142336K, used 126473K [0x00000000e0000000, 0x00000000ec400000, 0x0000000100000000)
  eden space 130560K, 88% used [0x00000000e0000000,0x00000000e716dad0,0x00000000e7f80000)
  from space 11776K, 87% used [0x00000000e7f80000,0x00000000e8994be8,0x00000000e8b00000)
  to   space 12288K, 0% used [0x00000000eb800000,0x00000000eb800000,0x00000000ec400000)
 ParOldGen       total 66048K, used 17684K [0x00000000a0000000, 0x00000000a4080000, 0x00000000e0000000)
  object space 66048K, 26% used [0x00000000a0000000,0x00000000a1145330,0x00000000a4080000)
 Metaspace       used 49964K, capacity 51544K, committed 51712K, reserved 1093632K
  class space    used 6765K, capacity 7109K, committed 7168K, reserved 1048576K
GC Heap History (10 events):
Event: 8.969 GC heap before
{Heap before GC invocations=7 (full 1):
 PSYoungGen      total 53248K, used 49152K [0x00000000e0000000, 0x00000000e7300000, 0x0000000100000000)
  eden space 49152K, 100% used [0x00000000e0000000,0x00000000e3000000,0x00000000e3000000)
  from space 4096K, 0% used [0x00000000e3000000,0x00000000e3000000,0x00000000e3400000)
  to   space 9728K, 0% used [0x00000000e6980000,0x00000000e6980000,0x00000000e7300000)
 ParOldGen       total 46080K, used 8941K [0x00000000a0000000, 0x00000000a2d00000, 0x00000000e0000000)
  object space 46080K, 19% used [0x00000000a0000000,0x00000000a08bb620,0x00000000a2d00000)
 Metaspace       used 24729K, capacity 25144K, committed 25600K, reserved 1071104K
  class space    used 3363K, capacity 3458K, committed 3584K, reserved 1048576K
Event: 8.980 GC heap after
Heap after GC invocations=7 (full 1):
 PSYoungGen      total 89088K, used 6254K [0x00000000e0000000, 0x00000000e7000000, 0x0000000100000000)
  eden space 82432K, 0% used [0x00000000e0000000,0x00000000e0000000,0x00000000e5080000)
  from space 6656K, 93% used [0x00000000e6980000,0x00000000e6f9b888,0x00000000e7000000)
  to   space 9216K, 0% used [0x00000000e5e00000,0x00000000e5e00000,0x00000000e6700000)
 ParOldGen       total 46080K, used 8941K [0x00000000a0000000, 0x00000000a2d00000, 0x00000000e0000000)
  object space 46080K, 19% used [0x00000000a0000000,0x00000000a08bb620,0x00000000a2d00000)
 Metaspace       used 24729K, capacity 25144K, committed 25600K, reserved 1071104K
  class space    used 3363K, capacity 3458K, committed 3584K, reserved 1048576K
}
Event: 19.899 GC heap before
{Heap before GC invocations=8 (full 1):
 PSYoungGen      total 89088K, used 88686K [0x00000000e0000000, 0x00000000e7000000, 0x0000000100000000)
  eden space 82432K, 100% used [0x00000000e0000000,0x00000000e5080000,0x00000000e5080000)
  from space 6656K, 93% used [0x00000000e6980000,0x00000000e6f9b888,0x00000000e7000000)
  to   space 9216K, 0% used [0x00000000e5e00000,0x00000000e5e00000,0x00000000e6700000)
 ParOldGen       total 46080K, used 8941K [0x00000000a0000000, 0x00000000a2d00000, 0x00000000e0000000)
  object space 46080K, 19% used [0x00000000a0000000,0x00000000a08bb620,0x00000000a2d00000)
 Metaspace       used 29258K, capacity 29782K, committed 29952K, reserved 1075200K
  class space    used 3967K, capacity 4083K, committed 4096K, reserved 1048576K
Event: 19.915 GC heap after
Heap after GC invocations=8 (full 1):
 PSYoungGen      total 105472K, used 7397K [0x00000000e0000000, 0x00000000e9480000, 0x0000000100000000)
  eden space 96256K, 0% used [0x00000000e0000000,0x00000000e0000000,0x00000000e5e00000)
  from space 9216K, 80% used [0x00000000e5e00000,0x00000000e65396c8,0x00000000e6700000)
  to   space 9728K, 0% used [0x00000000e8b00000,0x00000000e8b00000,0x00000000e9480000)
 ParOldGen       total 46080K, used 9013K [0x00000000a0000000, 0x00000000a2d00000, 0x00000000e0000000)
  object space 46080K, 19% used [0x00000000a0000000,0x00000000a08cd630,0x00000000a2d00000)
 Metaspace       used 29258K, capacity 29782K, committed 29952K, reserved 1075200K
  class space    used 3967K, capacity 4083K, committed 4096K, reserved 1048576K
}
Event: 23.216 GC heap before
{Heap before GC invocations=9 (full 1):
 PSYoungGen      total 105472K, used 78717K [0x00000000e0000000, 0x00000000e9480000, 0x0000000100000000)
  eden space 96256K, 74% used [0x00000000e0000000,0x00000000e45a5da8,0x00000000e5e00000)
  from space 9216K, 80% used [0x00000000e5e00000,0x00000000e65396c8,0x00000000e6700000)
  to   space 9728K, 0% used [0x00000000e8b00000,0x00000000e8b00000,0x00000000e9480000)
 ParOldGen       total 46080K, used 9013K [0x00000000a0000000, 0x00000000a2d00000, 0x00000000e0000000)
  object space 46080K, 19% used [0x00000000a0000000,0x00000000a08cd630,0x00000000a2d00000)
 Metaspace       used 34768K, capacity 35350K, committed 35496K, reserved 1079296K
  class space    used 4649K, capacity 4815K, committed 4864K, reserved 1048576K
Event: 23.239 GC heap after
Heap after GC invocations=9 (full 1):
 PSYoungGen      total 140288K, used 9715K [0x00000000e0000000, 0x00000000ea880000, 0x0000000100000000)
  eden space 130560K, 0% used [0x00000000e0000000,0x00000000e0000000,0x00000000e7f80000)
  from space 9728K, 99% used [0x00000000e8b00000,0x00000000e947cf90,0x00000000e9480000)
  to   space 11776K, 0% used [0x00000000e7f80000,0x00000000e7f80000,0x00000000e8b00000)
 ParOldGen       total 46080K, used 10814K [0x00000000a0000000, 0x00000000a2d00000, 0x00000000e0000000)
  object space 46080K, 23% used [0x00000000a0000000,0x00000000a0a8fae8,0x00000000a2d00000)
 Metaspace       used 34768K, capacity 35350K, committed 35496K, reserved 1079296K
  class space    used 4649K, capacity 4815K, committed 4864K, reserved 1048576K
}
Event: 23.239 GC heap before
{Heap before GC invocations=10 (full 2):
 PSYoungGen      total 140288K, used 9715K [0x00000000e0000000, 0x00000000ea880000, 0x0000000100000000)
  eden space 130560K, 0% used [0x00000000e0000000,0x00000000e0000000,0x00000000e7f80000)
  from space 9728K, 99% used [0x00000000e8b00000,0x00000000e947cf90,0x00000000e9480000)
  to   space 11776K, 0% used [0x00000000e7f80000,0x00000000e7f80000,0x00000000e8b00000)
 ParOldGen       total 46080K, used 10814K [0x00000000a0000000, 0x00000000a2d00000, 0x00000000e0000000)
  object space 46080K, 23% used [0x00000000a0000000,0x00000000a0a8fae8,0x00000000a2d00000)
 Metaspace       used 34768K, capacity 35350K, committed 35496K, reserved 1079296K
  class space    used 4649K, capacity 4815K, committed 4864K, reserved 1048576K
Event: 23.389 GC heap after
Heap after GC invocations=10 (full 2):
 PSYoungGen      total 140288K, used 0K [0x00000000e0000000, 0x00000000ea880000, 0x0000000100000000)
  eden space 130560K, 0% used [0x00000000e0000000,0x00000000e0000000,0x00000000e7f80000)
  from space 9728K, 0% used [0x00000000e8b00000,0x00000000e8b00000,0x00000000e9480000)
  to   space 11776K, 0% used [0x00000000e7f80000,0x00000000e7f80000,0x00000000e8b00000)
 ParOldGen       total 66048K, used 17676K [0x00000000a0000000, 0x00000000a4080000, 0x00000000e0000000)
  object space 66048K, 26% used [0x00000000a0000000,0x00000000a1143330,0x00000000a4080000)
 Metaspace       used 34768K, capacity 35350K, committed 35496K, reserved 1079296K
  class space    used 4649K, capacity 4815K, committed 4864K, reserved 1048576K
}
Event: 34.698 GC heap before
{Heap before GC invocations=11 (full 2):
 PSYoungGen      total 140288K, used 130560K [0x00000000e0000000, 0x00000000ea880000, 0x0000000100000000)
  eden space 130560K, 100% used [0x00000000e0000000,0x00000000e7f80000,0x00000000e7f80000)
  from space 9728K, 0% used [0x00000000e8b00000,0x00000000e8b00000,0x00000000e9480000)
  to   space 11776K, 0% used [0x00000000e7f80000,0x00000000e7f80000,0x00000000e8b00000)
 ParOldGen       total 66048K, used 17676K [0x00000000a0000000, 0x00000000a4080000, 0x00000000e0000000)
  object space 66048K, 26% used [0x00000000a0000000,0x00000000a1143330,0x00000000a4080000)
 Metaspace       used 42497K, capacity 43370K, committed 43648K, reserved 1087488K
  class space    used 5670K, capacity 5922K, committed 6016K, reserved 1048576K
Event: 34.743 GC heap after
Heap after GC invocations=11 (full 2):
 PSYoungGen      total 142336K, used 10322K [0x00000000e0000000, 0x00000000ec400000, 0x0000000100000000)
  eden space 130560K, 0% used [0x00000000e0000000,0x00000000e0000000,0x00000000e7f80000)
  from space 11776K, 87% used [0x00000000e7f80000,0x00000000e8994be8,0x00000000e8b00000)
  to   space 12288K, 0% used [0x00000000eb800000,0x00000000eb800000,0x00000000ec400000)
 ParOldGen       total 66048K, used 17684K [0x00000000a0000000, 0x00000000a4080000, 0x00000000e0000000)
  object space 66048K, 26% used [0x00000000a0000000,0x00000000a1145330,0x00000000a4080000)
 Metaspace       used 42497K, capacity 43370K, committed 43648K, reserved 1087488K
  class space    used 5670K, capacity 5922K, committed 6016K, reserved 1048576K
}

